<?xml version="1.0" encoding="UTF-8"?>
<!-- Generated by org.testng.reporters.JUnitXMLReporter -->
<testsuite ignored="0" hostname="DESKTOP-T7QVJUB" failures="0" tests="1" name="Test" time="0.124" errors="0" timestamp="2024-09-27T22:53:19 IST">
  <testcase classname="testBase.BaseClass" name="@BeforeClass setup" time="-1.727457799268E9">
    <failure type="org.testng.TestNGException" message="
Parameter &amp;apos;browser&amp;apos; is required by BeforeClass on method setup but has not been marked @Optional or defined
in C:\Users\R K\Java\OpenCartV01\master.xml">
      <![CDATA[org.testng.TestNGException: 
Parameter 'browser' is required by BeforeClass on method setup but has not been marked @Optional or defined
in C:\Users\R K\Java\OpenCartV01\master.xml
at java.base/java.util.ArrayList.forEach(ArrayList.java:1511)
... Removed 22 stack frames]]>
    </failure>
  </testcase> <!-- @BeforeClass setup -->
  <testcase classname="testBase.BaseClass" name="@AfterClass teardown" time="0.0">
    <skipped/>
  </testcase> <!-- @AfterClass teardown -->
  <testcase classname="testCases.TC_02_LoginPage" name="verifyloginpage" time="0.0">
    <skipped/>
  </testcase> <!-- verifyloginpage -->
</testsuite> <!-- Test -->
